Reading netlist file: "D:\File\Micky\Github\T-FPGA\example\FPGA\i2c-slave\i2c-slave\impl\gwsynthesis\i2c-slave.vg"
Parsing netlist file "D:\File\Micky\Github\T-FPGA\example\FPGA\i2c-slave\i2c-slave\impl\gwsynthesis\i2c-slave.vg" completed
Processing netlist completed
Reading constraint file: "D:\File\Micky\Github\T-FPGA\example\FPGA\i2c-slave\i2c-slave\src\i2c-slave.cst"
Physical Constraint parsed completed
Running placement......
[10%] Placement Phase 0 completed
[20%] Placement Phase 1 completed
[30%] Placement Phase 2 completed
[50%] Placement Phase 3 completed
Running routing......
[60%] Routing Phase 0 completed
[70%] Routing Phase 1 completed
[80%] Routing Phase 2 completed
WARN  (PR1014) : Generic routing resource will be used to clock signal 'iic_scl_d' by the specified constraint. And then it may lead to the excessive delay or skew
[90%] Routing Phase 3 completed
Running timing analysis......
[95%] Timing analysis completed
Placement and routing completed
Bitstream generation in progress......
Bitstream generation completed
Running power analysis......
[100%] Power analysis completed
Generate file "D:\File\Micky\Github\T-FPGA\example\FPGA\i2c-slave\i2c-slave\impl\pnr\i2c-slave.power.html" completed
Generate file "D:\File\Micky\Github\T-FPGA\example\FPGA\i2c-slave\i2c-slave\impl\pnr\i2c-slave.pin.html" completed
Generate file "D:\File\Micky\Github\T-FPGA\example\FPGA\i2c-slave\i2c-slave\impl\pnr\i2c-slave.rpt.html" completed
Generate file "D:\File\Micky\Github\T-FPGA\example\FPGA\i2c-slave\i2c-slave\impl\pnr\i2c-slave.rpt.txt" completed
Generate file "D:\File\Micky\Github\T-FPGA\example\FPGA\i2c-slave\i2c-slave\impl\pnr\i2c-slave.tr.html" completed
Wed Feb 22 16:34:10 2023

